22:20:51 **** Build of configuration Debug for project TestingCudo ****
Info: Configuration "Debug" uses tool-chain "CUDA Toolkit on the path" that is unsupported on this system, attempting to build anyway.
make all 
Building file: ../grid.cu
Invoking: NVCC Compiler
/Developer/NVIDIA/CUDA-8.0/bin/nvcc -G -g -O0 -std=c++11 -gencode arch=compute_50,code=sm_50 -gencode arch=compute_52,code=sm_52  -odir "." -M -o "grid.d" "../grid.cu"
/Developer/NVIDIA/CUDA-8.0/bin/nvcc -G -g -O0 -std=c++11 --compile --relocatable-device-code=false -gencode arch=compute_50,code=compute_50 -gencode arch=compute_52,code=compute_52 -gencode arch=compute_50,code=sm_50 -gencode arch=compute_52,code=sm_52  -x cu -o  "grid.o" "../grid.cu"
Finished building: ../grid.cu
 
Building file: ../test1.cu
Invoking: NVCC Compiler
/Developer/NVIDIA/CUDA-8.0/bin/nvcc -G -g -O0 -std=c++11 -gencode arch=compute_50,code=sm_50 -gencode arch=compute_52,code=sm_52  -odir "." -M -o "test1.d" "../test1.cu"
/Developer/NVIDIA/CUDA-8.0/bin/nvcc -G -g -O0 -std=c++11 --compile --relocatable-device-code=false -gencode arch=compute_50,code=compute_50 -gencode arch=compute_52,code=compute_52 -gencode arch=compute_50,code=sm_50 -gencode arch=compute_52,code=sm_52  -x cu -o  "test1.o" "../test1.cu"
Finished building: ../test1.cu
 
Building file: ../test2.cu
Invoking: NVCC Compiler
/Developer/NVIDIA/CUDA-8.0/bin/nvcc -G -g -O0 -std=c++11 -gencode arch=compute_50,code=sm_50 -gencode arch=compute_52,code=sm_52  -odir "." -M -o "test2.d" "../test2.cu"
../test2.cu:44:1: warning: '/*' within block comment [-Wcomment]
/*
^
1 warning generated.
../test2.cu:44:1: warning: '/*' within block comment [-Wcomment]
/*
^
1 warning generated.
../test2.cu:44:1: warning: '/*' within block comment [-Wcomment]
/*
^
1 warning generated.
/Developer/NVIDIA/CUDA-8.0/bin/nvcc -G -g -O0 -std=c++11 --compile --relocatable-device-code=false -gencode arch=compute_50,code=compute_50 -gencode arch=compute_52,code=compute_52 -gencode arch=compute_50,code=sm_50 -gencode arch=compute_52,code=sm_52  -x cu -o  "test2.o" "../test2.cu"
../test2.cu:44:1: warning: '/*' within block comment [-Wcomment]
/*
^
1 warning generated.
../test2.cu(74): warning: variable "idx" was declared but never referenced

../test2.cu:44:1: warning: '/*' within block comment [-Wcomment]
/*
^
1 warning generated.
../test2.cu(74): warning: variable "idx" was declared but never referenced

../test2.cu:44:1: warning: '/*' within block comment [-Wcomment]
/*
^
1 warning generated.
../test2.cu(74): warning: variable "idx" was declared but never referenced

ptxas warning : Stack size for entry function '_Z3recii' cannot be statically determined
ptxas warning : Stack size for entry function '_Z3recii' cannot be statically determined
Finished building: ../test2.cu
 
Building target: TestingCudo
Invoking: NVCC Linker
/Developer/NVIDIA/CUDA-8.0/bin/nvcc --cudart static --relocatable-device-code=false -gencode arch=compute_50,code=compute_50 -gencode arch=compute_52,code=compute_52 -gencode arch=compute_50,code=sm_50 -gencode arch=compute_52,code=sm_52 -link -o  "TestingCudo"  ./grid.o ./test1.o ./test2.o   
Finished building target: TestingCudo
 
22:21:18 **** Incremental Build of configuration Debug for project TestingCudo ****
Info: Configuration "Debug" uses tool-chain "CUDA Toolkit on the path" that is unsupported on this system, attempting to build anyway.
make all 
make: Nothing to be done for `all'.
22:21:26 **** Incremental Build of configuration Debug for project TestingCudo ****
Info: Configuration "Debug" uses tool-chain "CUDA Toolkit on the path" that is unsupported on this system, attempting to build anyway.
make all 
make: Nothing to be done for `all'.
22:22:20 **** Clean-only build of configuration Debug for project TestingCudo ****
Info: Configuration "Debug" uses tool-chain "CUDA Toolkit on the path" that is unsupported on this system, attempting to build anyway.
make clean 
rm -rf  ./grid.o ./test1.o ./test2.o  ./grid.d ./test1.d ./test2.d  TestingCudo
 
22:22:44 **** Build of configuration Debug for project TestingCudo ****
Info: Configuration "Debug" uses tool-chain "CUDA Toolkit on the path" that is unsupported on this system, attempting to build anyway.
make all 
Building file: ../grid.cu
Invoking: NVCC Compiler
/Developer/NVIDIA/CUDA-8.0/bin/nvcc -G -g -O0 -std=c++11 -gencode arch=compute_50,code=sm_50 -gencode arch=compute_52,code=sm_52  -odir "." -M -o "grid.d" "../grid.cu"
/Developer/NVIDIA/CUDA-8.0/bin/nvcc -G -g -O0 -std=c++11 --compile --relocatable-device-code=false -gencode arch=compute_50,code=compute_50 -gencode arch=compute_52,code=compute_52 -gencode arch=compute_50,code=sm_50 -gencode arch=compute_52,code=sm_52  -x cu -o  "grid.o" "../grid.cu"
Finished building: ../grid.cu
 
Building file: ../test1.cu
Invoking: NVCC Compiler
/Developer/NVIDIA/CUDA-8.0/bin/nvcc -G -g -O0 -std=c++11 -gencode arch=compute_50,code=sm_50 -gencode arch=compute_52,code=sm_52  -odir "." -M -o "test1.d" "../test1.cu"
/Developer/NVIDIA/CUDA-8.0/bin/nvcc -G -g -O0 -std=c++11 --compile --relocatable-device-code=false -gencode arch=compute_50,code=compute_50 -gencode arch=compute_52,code=compute_52 -gencode arch=compute_50,code=sm_50 -gencode arch=compute_52,code=sm_52  -x cu -o  "test1.o" "../test1.cu"
Finished building: ../test1.cu
 
Building file: ../test2.cu
Invoking: NVCC Compiler
/Developer/NVIDIA/CUDA-8.0/bin/nvcc -G -g -O0 -std=c++11 -gencode arch=compute_50,code=sm_50 -gencode arch=compute_52,code=sm_52  -odir "." -M -o "test2.d" "../test2.cu"
../test2.cu:44:1: warning: '/*' within block comment [-Wcomment]
/*
^
1 warning generated.
../test2.cu:44:1: warning: '/*' within block comment [-Wcomment]
/*
^
1 warning generated.
../test2.cu:44:1: warning: '/*' within block comment [-Wcomment]
/*
^
1 warning generated.
/Developer/NVIDIA/CUDA-8.0/bin/nvcc -G -g -O0 -std=c++11 --compile --relocatable-device-code=false -gencode arch=compute_50,code=compute_50 -gencode arch=compute_52,code=compute_52 -gencode arch=compute_50,code=sm_50 -gencode arch=compute_52,code=sm_52  -x cu -o  "test2.o" "../test2.cu"
../test2.cu:44:1: warning: '/*' within block comment [-Wcomment]
/*
^
1 warning generated.
../test2.cu(74): warning: variable "idx" was declared but never referenced

../test2.cu:44:1: warning: '/*' within block comment [-Wcomment]
/*
^
1 warning generated.
../test2.cu(74): warning: variable "idx" was declared but never referenced

../test2.cu:44:1: warning: '/*' within block comment [-Wcomment]
/*
^
1 warning generated.
../test2.cu(74): warning: variable "idx" was declared but never referenced

ptxas warning : Stack size for entry function '_Z3recii' cannot be statically determined
ptxas warning : Stack size for entry function '_Z3recii' cannot be statically determined
Finished building: ../test2.cu
 
Building target: TestingCudo
Invoking: NVCC Linker
/Developer/NVIDIA/CUDA-8.0/bin/nvcc --cudart static --relocatable-device-code=false -gencode arch=compute_50,code=compute_50 -gencode arch=compute_52,code=compute_52 -gencode arch=compute_50,code=sm_50 -gencode arch=compute_52,code=sm_52 -link -o  "TestingCudo"  ./grid.o ./test1.o ./test2.o   
Finished building target: TestingCudo
 
22:24:06 **** Clean-only build of configuration Debug for project TestingCudo ****
Info: Configuration "Debug" uses tool-chain "CUDA Toolkit on the path" that is unsupported on this system, attempting to build anyway.
make clean 
rm -rf  ./grid.o ./test1.o ./test2.o  ./grid.d ./test1.d ./test2.d  TestingCudo
 
22:24:12 **** Build of configuration Debug for project TestingCudo ****
Info: Configuration "Debug" uses tool-chain "CUDA Toolkit on the path" that is unsupported on this system, attempting to build anyway.
make all 
Building file: ../grid.cu
Invoking: NVCC Compiler
/Developer/NVIDIA/CUDA-8.0/bin/nvcc -G -g -O0 -std=c++11 -gencode arch=compute_50,code=sm_50 -gencode arch=compute_52,code=sm_52  -odir "." -M -o "grid.d" "../grid.cu"
/Developer/NVIDIA/CUDA-8.0/bin/nvcc -G -g -O0 -std=c++11 --compile --relocatable-device-code=false -gencode arch=compute_50,code=compute_50 -gencode arch=compute_52,code=compute_52 -gencode arch=compute_50,code=sm_50 -gencode arch=compute_52,code=sm_52  -x cu -o  "grid.o" "../grid.cu"
Finished building: ../grid.cu
 
Building file: ../test1.cu
Invoking: NVCC Compiler
/Developer/NVIDIA/CUDA-8.0/bin/nvcc -G -g -O0 -std=c++11 -gencode arch=compute_50,code=sm_50 -gencode arch=compute_52,code=sm_52  -odir "." -M -o "test1.d" "../test1.cu"
/Developer/NVIDIA/CUDA-8.0/bin/nvcc -G -g -O0 -std=c++11 --compile --relocatable-device-code=false -gencode arch=compute_50,code=compute_50 -gencode arch=compute_52,code=compute_52 -gencode arch=compute_50,code=sm_50 -gencode arch=compute_52,code=sm_52  -x cu -o  "test1.o" "../test1.cu"
Finished building: ../test1.cu
 
Building file: ../test2.cu
Invoking: NVCC Compiler
/Developer/NVIDIA/CUDA-8.0/bin/nvcc -G -g -O0 -std=c++11 -gencode arch=compute_50,code=sm_50 -gencode arch=compute_52,code=sm_52  -odir "." -M -o "test2.d" "../test2.cu"
../test2.cu:44:1: warning: '/*' within block comment [-Wcomment]
/*
^
1 warning generated.
../test2.cu:44:1: warning: '/*' within block comment [-Wcomment]
/*
^
1 warning generated.
../test2.cu:44:1: warning: '/*' within block comment [-Wcomment]
/*
^
1 warning generated.
/Developer/NVIDIA/CUDA-8.0/bin/nvcc -G -g -O0 -std=c++11 --compile --relocatable-device-code=false -gencode arch=compute_50,code=compute_50 -gencode arch=compute_52,code=compute_52 -gencode arch=compute_50,code=sm_50 -gencode arch=compute_52,code=sm_52  -x cu -o  "test2.o" "../test2.cu"
../test2.cu:44:1: warning: '/*' within block comment [-Wcomment]
/*
^
1 warning generated.
../test2.cu(74): warning: variable "idx" was declared but never referenced

../test2.cu:44:1: warning: '/*' within block comment [-Wcomment]
/*
^
1 warning generated.
../test2.cu(74): warning: variable "idx" was declared but never referenced

../test2.cu:44:1: warning: '/*' within block comment [-Wcomment]
/*
^
1 warning generated.
../test2.cu(74): warning: variable "idx" was declared but never referenced

ptxas warning : Stack size for entry function '_Z3recii' cannot be statically determined
ptxas warning : Stack size for entry function '_Z3recii' cannot be statically determined
Finished building: ../test2.cu
 
Building target: TestingCudo
Invoking: NVCC Linker
/Developer/NVIDIA/CUDA-8.0/bin/nvcc --cudart static --relocatable-device-code=false -gencode arch=compute_50,code=compute_50 -gencode arch=compute_52,code=compute_52 -gencode arch=compute_50,code=sm_50 -gencode arch=compute_52,code=sm_52 -link -o  "TestingCudo"  ./grid.o ./test1.o ./test2.o   
Finished building target: TestingCudo
 
22:25:08 **** Clean-only build of configuration Debug for project TestingCudo ****
Info: Configuration "Debug" uses tool-chain "CUDA Toolkit on the path" that is unsupported on this system, attempting to build anyway.
make clean 
rm -rf  ./grid.o ./test1.o ./test2.o  ./grid.d ./test1.d ./test2.d  TestingCudo
 
22:25:13 **** Build of configuration Debug for project TestingCudo ****
Info: Configuration "Debug" uses tool-chain "CUDA Toolkit on the path" that is unsupported on this system, attempting to build anyway.
make all 
Building file: ../grid.cu
Invoking: NVCC Compiler
/Developer/NVIDIA/CUDA-8.0/bin/nvcc -G -g -O0 -std=c++11 -gencode arch=compute_50,code=sm_50 -gencode arch=compute_52,code=sm_52  -odir "." -M -o "grid.d" "../grid.cu"
/Developer/NVIDIA/CUDA-8.0/bin/nvcc -G -g -O0 -std=c++11 --compile --relocatable-device-code=false -gencode arch=compute_50,code=compute_50 -gencode arch=compute_52,code=compute_52 -gencode arch=compute_50,code=sm_50 -gencode arch=compute_52,code=sm_52  -x cu -o  "grid.o" "../grid.cu"
Finished building: ../grid.cu
 
Building file: ../test1.cu
Invoking: NVCC Compiler
/Developer/NVIDIA/CUDA-8.0/bin/nvcc -G -g -O0 -std=c++11 -gencode arch=compute_50,code=sm_50 -gencode arch=compute_52,code=sm_52  -odir "." -M -o "test1.d" "../test1.cu"
/Developer/NVIDIA/CUDA-8.0/bin/nvcc -G -g -O0 -std=c++11 --compile --relocatable-device-code=false -gencode arch=compute_50,code=compute_50 -gencode arch=compute_52,code=compute_52 -gencode arch=compute_50,code=sm_50 -gencode arch=compute_52,code=sm_52  -x cu -o  "test1.o" "../test1.cu"
../test1.cu(36): error: invalid redeclaration of type name "location"
../grid.h(35): here

1 error detected in the compilation of "/var/folders/h7/4mqrvtg12n52hghwpbkkjbl00000gp/T//tmpxft_0000f7dd_00000000-9_test1.compute_52.cpp1.ii".
make: *** [test1.o] Error 2
22:26:06 **** Clean-only build of configuration Debug for project TestingCudo ****
Info: Configuration "Debug" uses tool-chain "CUDA Toolkit on the path" that is unsupported on this system, attempting to build anyway.
make clean 
rm -rf  ./grid.o ./test1.o ./test2.o  ./grid.d ./test1.d ./test2.d  TestingCudo
 
22:26:10 **** Build of configuration Debug for project TestingCudo ****
Info: Configuration "Debug" uses tool-chain "CUDA Toolkit on the path" that is unsupported on this system, attempting to build anyway.
make all 
Building file: ../grid.cu
Invoking: NVCC Compiler
/Developer/NVIDIA/CUDA-8.0/bin/nvcc -G -g -O0 -std=c++11 -gencode arch=compute_50,code=sm_50 -gencode arch=compute_52,code=sm_52  -odir "." -M -o "grid.d" "../grid.cu"
/Developer/NVIDIA/CUDA-8.0/bin/nvcc -G -g -O0 -std=c++11 --compile --relocatable-device-code=false -gencode arch=compute_50,code=compute_50 -gencode arch=compute_52,code=compute_52 -gencode arch=compute_50,code=sm_50 -gencode arch=compute_52,code=sm_52  -x cu -o  "grid.o" "../grid.cu"
Finished building: ../grid.cu
 
Building file: ../test1.cu
Invoking: NVCC Compiler
/Developer/NVIDIA/CUDA-8.0/bin/nvcc -G -g -O0 -std=c++11 -gencode arch=compute_50,code=sm_50 -gencode arch=compute_52,code=sm_52  -odir "." -M -o "test1.d" "../test1.cu"
/Developer/NVIDIA/CUDA-8.0/bin/nvcc -G -g -O0 -std=c++11 --compile --relocatable-device-code=false -gencode arch=compute_50,code=compute_50 -gencode arch=compute_52,code=compute_52 -gencode arch=compute_50,code=sm_50 -gencode arch=compute_52,code=sm_52  -x cu -o  "test1.o" "../test1.cu"
Finished building: ../test1.cu
 
Building file: ../test2.cu
Invoking: NVCC Compiler
/Developer/NVIDIA/CUDA-8.0/bin/nvcc -G -g -O0 -std=c++11 -gencode arch=compute_50,code=sm_50 -gencode arch=compute_52,code=sm_52  -odir "." -M -o "test2.d" "../test2.cu"
../test2.cu:44:1: warning: '/*' within block comment [-Wcomment]
/*
^
1 warning generated.
../test2.cu:44:1: warning: '/*' within block comment [-Wcomment]
/*
^
1 warning generated.
../test2.cu:44:1: warning: '/*' within block comment [-Wcomment]
/*
^
1 warning generated.
/Developer/NVIDIA/CUDA-8.0/bin/nvcc -G -g -O0 -std=c++11 --compile --relocatable-device-code=false -gencode arch=compute_50,code=compute_50 -gencode arch=compute_52,code=compute_52 -gencode arch=compute_50,code=sm_50 -gencode arch=compute_52,code=sm_52  -x cu -o  "test2.o" "../test2.cu"
../test2.cu:44:1: warning: '/*' within block comment [-Wcomment]
/*
^
1 warning generated.
../test2.cu(74): warning: variable "idx" was declared but never referenced

../test2.cu:44:1: warning: '/*' within block comment [-Wcomment]
/*
^
1 warning generated.
../test2.cu(74): warning: variable "idx" was declared but never referenced

../test2.cu:44:1: warning: '/*' within block comment [-Wcomment]
/*
^
1 warning generated.
../test2.cu(74): warning: variable "idx" was declared but never referenced

ptxas warning : Stack size for entry function '_Z3recii' cannot be statically determined
ptxas warning : Stack size for entry function '_Z3recii' cannot be statically determined
Finished building: ../test2.cu
 
Building target: TestingCudo
Invoking: NVCC Linker
/Developer/NVIDIA/CUDA-8.0/bin/nvcc --cudart static --relocatable-device-code=false -gencode arch=compute_50,code=compute_50 -gencode arch=compute_52,code=compute_52 -gencode arch=compute_50,code=sm_50 -gencode arch=compute_52,code=sm_52 -link -o  "TestingCudo"  ./grid.o ./test1.o ./test2.o   
Finished building target: TestingCudo
 
